<?xml version="1.0" encoding="UTF-8"?>
<testsuite name="Beer Cans" tests="1" skipped="0" failures="0" errors="0" timestamp="2021-02-01T10:49:11" hostname="PLS2019" time="13.099">
  <properties/>
  <testcase name="Counting beer cans" classname="Beer Cans" time="13.099"/>
  <system-out><![CDATA[Search Result : [[ChromeDriver: chrome on WINDOWS (8c78c6dfba3397314ed246df4a7c7fc7)] -> id: search]
]]></system-out>
  <system-err><![CDATA[Starting ChromeDriver 88.0.4324.96 (68dba2d8a0b149a1d3afac56fa74648032bcf46b-refs/branch-heads/4324@{#1784}) on port 12313
Only local connections are allowed.
Please see https://chromedriver.chromium.org/security-considerations for suggestions on keeping ChromeDriver safe.
ChromeDriver was started successfully.
Feb 01, 2021 10:49:14 AM org.openqa.selenium.remote.ProtocolHandshake createSession
INFO: Detected dialect: W3C
]]></system-err>
</testsuite>
