<?xml version="1.0" encoding="UTF-8"?>
<testsuite name="Beer Cans" tests="1" skipped="0" failures="0" errors="0" timestamp="2021-02-01T01:16:24" hostname="PLS2019" time="7.405">
  <properties/>
  <testcase name="Counting beer cans" classname="Beer Cans" time="7.405"/>
  <system-out><![CDATA[Search Result : [[ChromeDriver: chrome on WINDOWS (920c2741bd7396d6477e28a402902366)] -> id: search]
]]></system-out>
  <system-err><![CDATA[Starting ChromeDriver 88.0.4324.96 (68dba2d8a0b149a1d3afac56fa74648032bcf46b-refs/branch-heads/4324@{#1784}) on port 31584
Only local connections are allowed.
Please see https://chromedriver.chromium.org/security-considerations for suggestions on keeping ChromeDriver safe.
ChromeDriver was started successfully.
Feb 01, 2021 1:16:26 AM org.openqa.selenium.remote.ProtocolHandshake createSession
INFO: Detected dialect: W3C
]]></system-err>
</testsuite>
